<?xml version="1.0" encoding="UTF-8"?>
<testng-results skipped="0" failed="0" ignored="0" total="1" passed="1">
  <reporter-output>
  </reporter-output>
  <suite name="Default suite" duration-ms="25472" started-at="2022-04-13T03:18:56 PDT" finished-at="2022-04-13T03:19:21 PDT">
    <groups>
    </groups>
    <test name="Default test" duration-ms="25472" started-at="2022-04-13T03:18:56 PDT" finished-at="2022-04-13T03:19:21 PDT">
      <class name="com.salesforce.CreateTrialAccountTest">
        <test-method status="PASS" signature="loginTest()[pri:0, instance:com.salesforce.CreateTrialAccountTest@cb0ed20]" name="loginTest" duration-ms="25390" started-at="2022-04-13T03:18:56 PDT" finished-at="2022-04-13T03:19:21 PDT">
          <reporter-output>
          </reporter-output>
        </test-method> <!-- loginTest -->
      </class> <!-- com.salesforce.CreateTrialAccountTest -->
    </test> <!-- Default test -->
  </suite> <!-- Default suite -->
</testng-results>
